<?xml version="1.0" encoding="UTF-8"?>
<testng-results skipped="0" failed="0" total="1" passed="1">
  <reporter-output>
  </reporter-output>
  <suite name="Default suite" duration-ms="218451" started-at="2019-06-27T04:34:03Z" finished-at="2019-06-27T04:37:41Z">
    <groups>
    </groups>
    <test name="Default test" duration-ms="218451" started-at="2019-06-27T04:34:03Z" finished-at="2019-06-27T04:37:41Z">
      <class name="read_writeExcel.ExcelWithTestNG">
        <test-method status="PASS" signature="login()[pri:0, instance:read_writeExcel.ExcelWithTestNG@357246de]" name="login" is-config="true" duration-ms="11046" started-at="2019-06-27T10:04:03Z" finished-at="2019-06-27T10:04:14Z">
          <reporter-output>
          </reporter-output>
        </test-method> <!-- login -->
        <test-method status="PASS" signature="createcard()[pri:2, instance:read_writeExcel.ExcelWithTestNG@357246de]" name="createcard" duration-ms="206693" started-at="2019-06-27T10:04:14Z" finished-at="2019-06-27T10:07:41Z">
          <reporter-output>
          </reporter-output>
        </test-method> <!-- createcard -->
        <test-method status="PASS" signature="logout()[pri:0, instance:read_writeExcel.ExcelWithTestNG@357246de]" name="logout" is-config="true" duration-ms="695" started-at="2019-06-27T10:07:41Z" finished-at="2019-06-27T10:07:41Z">
          <reporter-output>
          </reporter-output>
        </test-method> <!-- logout -->
      </class> <!-- read_writeExcel.ExcelWithTestNG -->
    </test> <!-- Default test -->
  </suite> <!-- Default suite -->
</testng-results>
